<?xml version="1.0" encoding="UTF-8"?>
<!-- Generated by org.testng.reporters.JUnitReportReporter -->
<testsuite hostname="Artwell" failures="0" tests="1" name="testRunnerFile.TestRunner" time="0.234" errors="0" timestamp="2022-09-10T22:59:56 SAST" skipped="0">
  <testcase classname="testRunnerFile.TestRunner" name="runScenario" time="0.234"/>
  <system-out/>
</testsuite> <!-- testRunnerFile.TestRunner -->
